<?xml version="1.0" encoding="UTF-8"?>
<robot generator="Robot 7.4.1 (Python 3.12.10 on win32)" generated="2026-02-02T21:04:31.938674" rpa="false" schemaversion="5">
<suite id="s1" name="Login Test" source="D:\Automation-Projects\Web Automation RobotFramework\login_test.robot">
<test id="s1-t1" name="User Can Login Successfully" line="11">
<kw name="Open Browser To Login Page">
<kw name="Open Browser" owner="SeleniumLibrary">
<msg time="2026-02-02T21:04:32.740239" level="INFO">Opening browser 'chrome' to base url 'https://the-internet.herokuapp.com/login'.</msg>
<arg>${URL}</arg>
<arg>${BROWSER}</arg>
<doc>Opens a new browser instance to the optional ``url``.</doc>
<status status="PASS" start="2026-02-02T21:04:32.739302" elapsed="13.751723"/>
</kw>
<kw name="Maximize Browser Window" owner="SeleniumLibrary">
<doc>Maximizes current browser window.</doc>
<status status="PASS" start="2026-02-02T21:04:46.491025" elapsed="0.066176"/>
</kw>
<status status="PASS" start="2026-02-02T21:04:32.737704" elapsed="13.821017"/>
</kw>
<kw name="Input Username And Password">
<kw name="Input Text" owner="SeleniumLibrary">
<msg time="2026-02-02T21:04:46.564946" level="INFO">Typing text 'tomsmith' into text field 'id:username'.</msg>
<arg>id:username</arg>
<arg>${USERNAME}</arg>
<doc>Types the given ``text`` into the text field identified by ``locator``.</doc>
<status status="PASS" start="2026-02-02T21:04:46.562765" elapsed="0.303151"/>
</kw>
<kw name="Input Text" owner="SeleniumLibrary">
<msg time="2026-02-02T21:04:46.866926" level="INFO">Typing text 'SuperSecretPassword!' into text field 'id:password'.</msg>
<arg>id:password</arg>
<arg>${PASSWORD}</arg>
<doc>Types the given ``text`` into the text field identified by ``locator``.</doc>
<status status="PASS" start="2026-02-02T21:04:46.865916" elapsed="0.202549"/>
</kw>
<status status="PASS" start="2026-02-02T21:04:46.560750" elapsed="0.507715"/>
</kw>
<kw name="Submit Credentials">
<kw name="Click Button" owner="SeleniumLibrary">
<msg time="2026-02-02T21:04:47.070787" level="INFO">Clicking button 'css:button[type="submit"]'.</msg>
<arg>css:button[type="submit"]</arg>
<doc>Clicks the button identified by ``locator``.</doc>
<status status="PASS" start="2026-02-02T21:04:47.070787" elapsed="1.135620"/>
</kw>
<status status="PASS" start="2026-02-02T21:04:47.069779" elapsed="1.136628"/>
</kw>
<kw name="Login Should Be Successful">
<kw name="Wait Until Page Contains Element" owner="SeleniumLibrary">
<arg>id:flash</arg>
<arg>5s</arg>
<doc>Waits until the element ``locator`` appears on the current page.</doc>
<status status="PASS" start="2026-02-02T21:04:48.210046" elapsed="0.027118"/>
</kw>
<kw name="Element Should Contain" owner="SeleniumLibrary">
<msg time="2026-02-02T21:04:48.292984" level="INFO">Element 'id:flash' contains text 'You logged into a secure area!'.</msg>
<arg>id:flash</arg>
<arg>You logged into a secure area!</arg>
<doc>Verifies that element ``locator`` contains text ``expected``.</doc>
<status status="PASS" start="2026-02-02T21:04:48.238180" elapsed="0.054804"/>
</kw>
<status status="PASS" start="2026-02-02T21:04:48.207476" elapsed="0.086647"/>
</kw>
<kw name="Close Browser" owner="SeleniumLibrary" type="TEARDOWN">
<doc>Closes the current browser.</doc>
<status status="PASS" start="2026-02-02T21:04:48.295126" elapsed="2.424428"/>
</kw>
<status status="PASS" start="2026-02-02T21:04:32.734993" elapsed="17.985554"/>
</test>
<status status="PASS" start="2026-02-02T21:04:31.942698" elapsed="18.779868"/>
</suite>
<statistics>
<total>
<stat pass="1" fail="0" skip="0">All Tests</stat>
</total>
<tag>
</tag>
<suite>
<stat name="Login Test" id="s1" pass="1" fail="0" skip="0">Login Test</stat>
</suite>
</statistics>
<errors>
</errors>
</robot>
